<?xml version="1.0" encoding="UTF-8"?>
<!-- Generated by org.testng.reporters.JUnitReportReporter -->
<testsuite hostname="DESKTOP-RCHGCD2" failures="0" tests="1" name="ui.VerigyTitleTest" time="6.297" errors="0" timestamp="2021-04-12T05:02:07 EDT" skipped="0">
  <testcase classname="ui.VerigyTitleTest" name="titleTest" time="6.297"/>
  <system-out/>
</testsuite> <!-- ui.VerigyTitleTest -->
