<?xml version="1.0" encoding="UTF-8"?>
<!-- Generated by org.testng.reporters.JUnitReportReporter -->
<testsuite hostname="DESKTOP-RCHGCD2" failures="0" tests="4" name="ui.Grouping" time="0.011" errors="0" timestamp="2021-04-14T02:10:05 EDT" skipped="0">
  <testcase classname="ui.Grouping" name="Test3" time="0.007"/>
  <system-out/>
  <testcase classname="ui.Grouping" name="Test4" time="0.001"/>
  <system-out/>
  <testcase classname="ui.Grouping" name="logintest" time="0.001"/>
  <system-out/>
  <testcase classname="ui.Grouping" name="logoutTest" time="0.002"/>
  <system-out/>
</testsuite> <!-- ui.Grouping -->
