<?xml version="1.0" encoding="UTF-8"?>
<!-- Generated by org.testng.reporters.JUnitReportReporter -->
<testsuite hostname="DESKTOP-RCHGCD2" failures="0" tests="2" name="ui.LogIntese" time="0.003" errors="0" timestamp="2021-04-12T05:02:07 EDT" skipped="0">
  <testcase classname="ui.LogIntese" name="logintest" time="0.002"/>
  <system-out/>
  <testcase classname="ui.LogIntese" name="logoutTest" time="0.001"/>
  <system-out/>
</testsuite> <!-- ui.LogIntese -->
