<?xml version="1.0" encoding="UTF-8"?>
<!-- Generated by org.testng.reporters.JUnitReportReporter -->
<testsuite hostname="DESKTOP-RCHGCD2" failures="0" tests="6" name="ui.ReportTest" time="0.012" errors="0" timestamp="2021-04-14T06:03:31 EDT" skipped="0">
  <testcase classname="ui.ReportTest" name="Reporttest4" time="0.001"/>
  <system-out>
Method name is -Reporttest4 Status of execution is -1  </system-out>
  <testcase classname="ui.ReportTest" name="Reporttest2" time="0.001"/>
  <system-out>
Method name is -Reporttest2 This is test 2 Status of execution is -1  </system-out>
  <testcase classname="ui.ReportTest" name="Reporttest5" time="0.001"/>
  <system-out>
Method name is -Reporttest5 Status of execution is -1  </system-out>
  <testcase classname="ui.ReportTest" name="Reporttest1" time="0.001"/>
  <system-out>
Method name is -Reporttest1 Status of execution is -1  </system-out>
  <testcase classname="ui.ReportTest" name="Reporttest" time="0.008"/>
  <system-out>
Method name is -Reporttest Status of execution is -1  </system-out>
  <testcase classname="ui.ReportTest" name="Reporttest3" time="0.000"/>
  <system-out>
Method name is -Reporttest3 Status of execution is -1  </system-out>
</testsuite> <!-- ui.ReportTest -->
