<?xml version="1.0" encoding="UTF-8"?>
<!-- Generated by org.testng.reporters.JUnitReportReporter -->
<testsuite hostname="DESKTOP-RCHGCD2" failures="0" tests="4" name="ui.DataProviderDemoTest2" time="17.451" errors="0" timestamp="2021-04-13T04:08:19 EDT" skipped="0">
  <testcase classname="ui.DataProviderDemoTest2" name="test1" time="4.474"/>
  <system-out/>
  <testcase classname="ui.DataProviderDemoTest2" name="test1" time="7.740"/>
  <system-out/>
  <testcase classname="ui.DataProviderDemoTest2" name="test1" time="2.599"/>
  <system-out/>
  <testcase classname="ui.DataProviderDemoTest2" name="test1" time="2.638"/>
  <system-out/>
</testsuite> <!-- ui.DataProviderDemoTest2 -->
