<?xml version="1.0" encoding="UTF-8"?>
<!-- Generated by org.testng.reporters.JUnitReportReporter -->
<testsuite hostname="DESKTOP-RCHGCD2" failures="0" tests="1" name="ui.Logins" time="4.471" errors="0" timestamp="2021-04-13T05:33:17 EDT" skipped="0">
  <testcase classname="ui.Logins" name="launchApplication" time="4.471"/>
  <system-out/>
</testsuite> <!-- ui.Logins -->
